Using pre-set license
Built from '2020.3/staging' branch; Version is '2020.3.8f1 (507919d4fff5) revision 5273881'; Using compiler version '192528614'; Build Type 'Release'
OS: 'Windows 10 Home; OS build 19042.985; Version 2009; 64bit' Language: 'en' Physical Memory: 16215 MB
BatchMode: 1, IsHumanControllingUs: 0, StartBugReporterOnCrash: 0, Is64bit: 1, IsPro: 0

 COMMAND LINE ARGUMENTS:
C:\Program Files\Unity\Hub\Editor\2020.3.8f1\Editor\Unity.exe
-adb2
-batchMode
-noUpm
-name
AssetImportWorker1
-projectPath
C:/Users/simon/Documents/GitHub/TheGoldenYearsBackup
-logFile
Logs/AssetImportWorker1.log
-srvPort
57013
Successfully changed project path to: C:/Users/simon/Documents/GitHub/TheGoldenYearsBackup
C:/Users/simon/Documents/GitHub/TheGoldenYearsBackup
Using Asset Import Pipeline V2.
Refreshing native plugins compatible for Editor in 55.61 ms, found 0 plugins.
Preloading 0 native plugins for Editor in 0.00 ms.
Initialize engine version: 2020.3.8f1 (507919d4fff5)
[Subsystems] Discovering subsystems at path C:/Program Files/Unity/Hub/Editor/2020.3.8f1/Editor/Data/Resources/UnitySubsystems
[Subsystems] Discovering subsystems at path C:/Users/simon/Documents/GitHub/TheGoldenYearsBackup/Assets
GfxDevice: creating device client; threaded=0
Direct3D:
    Version:  Direct3D 11.0 [level 11.1]
    Renderer: NVIDIA GeForce RTX 2070 with Max-Q Design (ID=0x1f14)
    Vendor:   
    VRAM:     8031 MB
    Driver:   27.21.14.5167
Shader 'NOT_Lonely/NOTLonely_fire': fallback shader 'Particles/Additive' not found
Initialize mono
Mono path[0] = 'C:/Program Files/Unity/Hub/Editor/2020.3.8f1/Editor/Data/Managed'
Mono path[1] = 'C:/Program Files/Unity/Hub/Editor/2020.3.8f1/Editor/Data/MonoBleedingEdge/lib/mono/unityjit'
Mono config path = 'C:/Program Files/Unity/Hub/Editor/2020.3.8f1/Editor/Data/MonoBleedingEdge/etc'
Using monoOptions --debugger-agent=transport=dt_socket,embedding=1,server=y,suspend=n,address=127.0.0.1:56824
Begin MonoManager ReloadAssembly
Registering precompiled unity dll's ...
Register platform support module: C:/Program Files/Unity/Hub/Editor/2020.3.8f1/Editor/Data/PlaybackEngines/WindowsStandaloneSupport/UnityEditor.WindowsStandalone.Extensions.dll
Registered in 0.108690 seconds.
Native extension for WindowsStandalone target not found
Refreshing native plugins compatible for Editor in 49.63 ms, found 0 plugins.
Preloading 0 native plugins for Editor in 0.00 ms.
Mono: successfully reloaded assembly
- Completed reload, in  4.621 seconds
Platform modules already initialized, skipping
Registering precompiled user dll's ...
Registered in 0.049988 seconds.
Begin MonoManager ReloadAssembly
Native extension for WindowsStandalone target not found
Refreshing native plugins compatible for Editor in 50.02 ms, found 0 plugins.
Preloading 0 native plugins for Editor in 0.00 ms.
Mono: successfully reloaded assembly
- Completed reload, in  2.159 seconds
Platform modules already initialized, skipping
========================================================================
Worker process is ready to serve import requests
Shader 'NOT_Lonely/NOTLonely_fire': fallback shader 'Particles/Additive' not found
Launched and connected shader compiler UnityShaderCompiler.exe after 0.07 seconds
Refreshing native plugins compatible for Editor in 0.55 ms, found 0 plugins.
Preloading 0 native plugins for Editor in 0.00 ms.
Unloading 1615 Unused Serialized files (Serialized files now loaded: 0)
System memory in use before: 89.6 MB.
System memory in use after: 89.2 MB.

Unloading 12 unused Assets to reduce memory usage. Loaded Objects now: 2064.
Total: 1.965800 ms (FindLiveObjects: 0.148000 ms CreateObjectMapping: 0.047500 ms MarkObjects: 1.447600 ms  DeleteObjects: 0.322000 ms)

========================================================================
Received Import Request.
  path: Assets/Scripts/New Folder
  artifactKey: Guid(35826a7a6dd72654381c4bae3b999be8) Importer(815301076,1909f56bfc062723c751e8b465ee728b)
Start importing Assets/Scripts/New Folder using Guid(35826a7a6dd72654381c4bae3b999be8) Importer(815301076,1909f56bfc062723c751e8b465ee728b)  -> (artifact id: '58cf14d4005893576bf041eb31842e12') in 0.007487 seconds
  Import took 0.010888 seconds .

========================================================================
Received Import Request.
  Time since last request: 0.000285 seconds.
  path: Assets/Scripts/BedScript.cs
  artifactKey: Guid(1b772c10f9bae674385b6ea12e92e122) Importer(815301076,1909f56bfc062723c751e8b465ee728b)
Start importing Assets/Scripts/BedScript.cs using Guid(1b772c10f9bae674385b6ea12e92e122) Importer(815301076,1909f56bfc062723c751e8b465ee728b)  -> (artifact id: 'b09b9288207f51f15b674539edec6a71') in 0.017007 seconds
  Import took 0.019585 seconds .

AssetImportWorkerClient::OnTransportError - code=2 error=End of file
