Using pre-set license
Built from '2020.3/staging' branch; Version is '2020.3.8f1 (507919d4fff5) revision 5273881'; Using compiler version '192528614'; Build Type 'Release'
OS: 'Windows 10 Home; OS build 19042.985; Version 2009; 64bit' Language: 'en' Physical Memory: 8092 MB
BatchMode: 1, IsHumanControllingUs: 0, StartBugReporterOnCrash: 0, Is64bit: 1, IsPro: 0

 COMMAND LINE ARGUMENTS:
C:\Program Files\Unity\2020.3.8f1\Editor\Unity.exe
-adb2
-batchMode
-noUpm
-name
AssetImportWorker0
-projectPath
C:/Users/Vumsy/Desktop/Spill-Skole/Unity/GIT/TheGoldenYearsBackup
-logFile
Logs/AssetImportWorker0.log
-srvPort
56557
Successfully changed project path to: C:/Users/Vumsy/Desktop/Spill-Skole/Unity/GIT/TheGoldenYearsBackup
C:/Users/Vumsy/Desktop/Spill-Skole/Unity/GIT/TheGoldenYearsBackup
Using Asset Import Pipeline V2.
Refreshing native plugins compatible for Editor in 150.59 ms, found 0 plugins.
Preloading 0 native plugins for Editor in 0.00 ms.
Initialize engine version: 2020.3.8f1 (507919d4fff5)
[Subsystems] Discovering subsystems at path C:/Program Files/Unity/2020.3.8f1/Editor/Data/Resources/UnitySubsystems
[Subsystems] Discovering subsystems at path C:/Users/Vumsy/Desktop/Spill-Skole/Unity/GIT/TheGoldenYearsBackup/Assets
GfxDevice: creating device client; threaded=0
Direct3D:
    Version:  Direct3D 11.0 [level 11.0]
    Renderer: NVIDIA GeForce 920MX (ID=0x134f)
    Vendor:   
    VRAM:     2010 MB
    Driver:   27.21.14.6647
Shader 'NOT_Lonely/NOTLonely_fire': fallback shader 'Particles/Additive' not found
Initialize mono
Mono path[0] = 'C:/Program Files/Unity/2020.3.8f1/Editor/Data/Managed'
Mono path[1] = 'C:/Program Files/Unity/2020.3.8f1/Editor/Data/MonoBleedingEdge/lib/mono/unityjit'
Mono config path = 'C:/Program Files/Unity/2020.3.8f1/Editor/Data/MonoBleedingEdge/etc'
Using monoOptions --debugger-agent=transport=dt_socket,embedding=1,server=y,suspend=n,address=127.0.0.1:56228
Begin MonoManager ReloadAssembly
Registering precompiled unity dll's ...
Register platform support module: C:/Program Files/Unity/2020.3.8f1/Editor/Data/PlaybackEngines/WindowsStandaloneSupport/UnityEditor.WindowsStandalone.Extensions.dll
Registered in 0.010267 seconds.
Native extension for WindowsStandalone target not found
Refreshing native plugins compatible for Editor in 71.11 ms, found 0 plugins.
Preloading 0 native plugins for Editor in 0.00 ms.
Mono: successfully reloaded assembly
- Completed reload, in 11.290 seconds
Platform modules already initialized, skipping
Registering precompiled user dll's ...
Registered in 0.004224 seconds.
Begin MonoManager ReloadAssembly
Native extension for WindowsStandalone target not found
Refreshing native plugins compatible for Editor in 69.90 ms, found 0 plugins.
Preloading 0 native plugins for Editor in 0.00 ms.
Mono: successfully reloaded assembly
- Completed reload, in  1.363 seconds
Platform modules already initialized, skipping
========================================================================
Worker process is ready to serve import requests
Shader 'NOT_Lonely/NOTLonely_fire': fallback shader 'Particles/Additive' not found
Launched and connected shader compiler UnityShaderCompiler.exe after 0.21 seconds
Refreshing native plugins compatible for Editor in 1.18 ms, found 0 plugins.
Preloading 0 native plugins for Editor in 0.00 ms.
Unloading 1614 Unused Serialized files (Serialized files now loaded: 0)
System memory in use before: 88.9 MB.
System memory in use after: 88.5 MB.

Unloading 12 unused Assets to reduce memory usage. Loaded Objects now: 2061.
Total: 4.732500 ms (FindLiveObjects: 0.307700 ms CreateObjectMapping: 0.148100 ms MarkObjects: 3.750200 ms  DeleteObjects: 0.524600 ms)

========================================================================
Received Import Request.
  path: Assets/Scenes
  artifactKey: Guid(0dbe96f03336e43409e841844b8b8313) Importer(815301076,1909f56bfc062723c751e8b465ee728b)
Start importing Assets/Scenes using Guid(0dbe96f03336e43409e841844b8b8313) Importer(815301076,1909f56bfc062723c751e8b465ee728b)  -> (artifact id: '72a83da25cde10f6d3cb30f0dbfb1905') in 0.010835 seconds
  Import took 0.017095 seconds .

========================================================================
Received Import Request.
  Time since last request: 0.000537 seconds.
  path: Assets/Scenes/SimonTest.unity
  artifactKey: Guid(1e027b002cd8d94478a4f96d8c70af6d) Importer(815301076,1909f56bfc062723c751e8b465ee728b)
Start importing Assets/Scenes/SimonTest.unity using Guid(1e027b002cd8d94478a4f96d8c70af6d) Importer(815301076,1909f56bfc062723c751e8b465ee728b)  -> (artifact id: '09e67ab1354061214df98ae48fad1057') in 0.021611 seconds
  Import took 0.029978 seconds .

========================================================================
Received Import Request.
  Time since last request: 57.059993 seconds.
  path: Assets/Scenes/EgilTestScene.unity
  artifactKey: Guid(f394fed6fc9ac8047b29e7751dab3a9a) Importer(815301076,1909f56bfc062723c751e8b465ee728b)
Start importing Assets/Scenes/EgilTestScene.unity using Guid(f394fed6fc9ac8047b29e7751dab3a9a) Importer(815301076,1909f56bfc062723c751e8b465ee728b)  -> (artifact id: 'e6ce1ddac524d7f1d9e5312c3cca868a') in 0.010812 seconds
  Import took 0.017490 seconds .

